# JRE version: OpenJDK Runtime Environment (17.0.6) (build 17.0.6+0-b2043.56-9586694)
# Java VM: OpenJDK 64-Bit Server VM (17.0.6+0-b2043.56-9586694, mixed mode, tiered, compressed oops, compressed class ptrs, g1 gc, windows-amd64)
GC Precious Log:
 CPUs: 16 total, 16 available
 Memory: 16085M
 Large Page Support: Disabled
 NUMA Support: Disabled
 Compressed Oops: Enabled (32-bit)
 Heap Region Size: 1M
 Heap Min Capacity: 8M
 Heap Initial Capacity: 252M
 Heap Max Capacity: 2G
 Pre-touch: Disabled
 Parallel Workers: 13
 Concurrent Workers: 3
 Concurrent Refinement Workers: 13
 Periodic GC: Disabled
Heap:
 garbage-first heap   total 345088K, used 273323K [0x0000000080000000, 0x0000000100000000)
  region size 1024K, 60 young (61440K), 2 survivors (2048K)
 Metaspace       used 124756K, committed 125888K, reserved 1163264K
  class space    used 16365K, committed 16896K, reserved 1048576K
GC Heap History (20 events):
Event: 9.217 GC heap before
{Heap before GC invocations=51 (full 0):
 garbage-first heap   total 287744K, used 180496K [0x0000000080000000, 0x0000000100000000)
  region size 1024K, 14 young (14336K), 13 survivors (13312K)
 Metaspace       used 95299K, committed 96000K, reserved 1138688K
  class space    used 12772K, committed 13120K, reserved 1048576K
}
Event: 9.222 GC heap after
{Heap after GC invocations=52 (full 0):
 garbage-first heap   total 287744K, used 182464K [0x0000000080000000, 0x0000000100000000)
  region size 1024K, 2 young (2048K), 2 survivors (2048K)
 Metaspace       used 95299K, committed 96000K, reserved 1138688K
  class space    used 12772K, committed 13120K, reserved 1048576K
}
Event: 9.693 GC heap before
{Heap before GC invocations=52 (full 0):
 garbage-first heap   total 287744K, used 233664K [0x0000000080000000, 0x0000000100000000)
  region size 1024K, 53 young (54272K), 2 survivors (2048K)
 Metaspace       used 98578K, committed 99328K, reserved 1138688K
  class space    used 13250K, committed 13632K, reserved 1048576K
}
Event: 9.697 GC heap after
{Heap after GC invocations=53 (full 0):
 garbage-first heap   total 287744K, used 185066K [0x0000000080000000, 0x0000000100000000)
  region size 1024K, 5 young (5120K), 5 survivors (5120K)
 Metaspace       used 98578K, committed 99328K, reserved 1138688K
  class space    used 13250K, committed 13632K, reserved 1048576K
}
Event: 10.329 GC heap before
{Heap before GC invocations=54 (full 0):
 garbage-first heap   total 324608K, used 236266K [0x0000000080000000, 0x0000000100000000)
  region size 1024K, 55 young (56320K), 5 survivors (5120K)
 Metaspace       used 106618K, committed 107392K, reserved 1146880K
  class space    used 14265K, committed 14656K, reserved 1048576K
}
Event: 10.334 GC heap after
{Heap after GC invocations=55 (full 0):
 garbage-first heap   total 324608K, used 188224K [0x0000000080000000, 0x0000000100000000)
  region size 1024K, 4 young (4096K), 4 survivors (4096K)
 Metaspace       used 106618K, committed 107392K, reserved 1146880K
  class space    used 14265K, committed 14656K, reserved 1048576K
}
Event: 10.430 GC heap before
{Heap before GC invocations=55 (full 0):
 garbage-first heap   total 324608K, used 199488K [0x0000000080000000, 0x0000000100000000)
  region size 1024K, 15 young (15360K), 4 survivors (4096K)
 Metaspace       used 107772K, committed 108544K, reserved 1146880K
  class space    used 14426K, committed 14784K, reserved 1048576K
}
Event: 10.432 GC heap after
{Heap after GC invocations=56 (full 0):
 garbage-first heap   total 324608K, used 188558K [0x0000000080000000, 0x0000000100000000)
  region size 1024K, 2 young (2048K), 2 survivors (2048K)
 Metaspace       used 107772K, committed 108544K, reserved 1146880K
  class space    used 14426K, committed 14784K, reserved 1048576K
}
Event: 11.464 GC heap before
{Heap before GC invocations=56 (full 0):
 garbage-first heap   total 324608K, used 268430K [0x0000000080000000, 0x0000000100000000)
  region size 1024K, 81 young (82944K), 2 survivors (2048K)
 Metaspace       used 112631K, committed 113408K, reserved 1155072K
  class space    used 15096K, committed 15424K, reserved 1048576K
}
Event: 11.469 GC heap after
{Heap after GC invocations=57 (full 0):
 garbage-first heap   total 324608K, used 194493K [0x0000000080000000, 0x0000000100000000)
  region size 1024K, 7 young (7168K), 7 survivors (7168K)
 Metaspace       used 112631K, committed 113408K, reserved 1155072K
  class space    used 15096K, committed 15424K, reserved 1048576K
}
Event: 12.218 GC heap before
{Heap before GC invocations=58 (full 0):
 garbage-first heap   total 334848K, used 269245K [0x0000000080000000, 0x0000000100000000)
  region size 1024K, 81 young (82944K), 7 survivors (7168K)
 Metaspace       used 115803K, committed 116544K, reserved 1155072K
  class space    used 15472K, committed 15808K, reserved 1048576K
}
Event: 12.225 GC heap after
{Heap after GC invocations=59 (full 0):
 garbage-first heap   total 334848K, used 199715K [0x0000000080000000, 0x0000000100000000)
  region size 1024K, 6 young (6144K), 6 survivors (6144K)
 Metaspace       used 115803K, committed 116544K, reserved 1155072K
  class space    used 15472K, committed 15808K, reserved 1048576K
}
Event: 12.314 GC heap before
{Heap before GC invocations=59 (full 0):
 garbage-first heap   total 334848K, used 208931K [0x0000000080000000, 0x0000000100000000)
  region size 1024K, 16 young (16384K), 6 survivors (6144K)
 Metaspace       used 115979K, committed 116800K, reserved 1155072K
  class space    used 15485K, committed 15872K, reserved 1048576K
}
Event: 12.318 GC heap after
{Heap after GC invocations=60 (full 0):
 garbage-first heap   total 334848K, used 200542K [0x0000000080000000, 0x0000000100000000)
  region size 1024K, 1 young (1024K), 1 survivors (1024K)
 Metaspace       used 115979K, committed 116800K, reserved 1155072K
  class space    used 15485K, committed 15872K, reserved 1048576K
}
Event: 13.197 GC heap before
{Heap before GC invocations=60 (full 0):
 garbage-first heap   total 334848K, used 281438K [0x0000000080000000, 0x0000000100000000)
  region size 1024K, 81 young (82944K), 1 survivors (1024K)
 Metaspace       used 122495K, committed 123392K, reserved 1163264K
  class space    used 16155K, committed 16576K, reserved 1048576K
}
Event: 13.201 GC heap after
{Heap after GC invocations=61 (full 0):
 garbage-first heap   total 334848K, used 204225K [0x0000000080000000, 0x0000000100000000)
  region size 1024K, 5 young (5120K), 5 survivors (5120K)
 Metaspace       used 122495K, committed 123392K, reserved 1163264K
  class space    used 16155K, committed 16576K, reserved 1048576K
}
Event: 74.626 GC heap before
{Heap before GC invocations=62 (full 0):
 garbage-first heap   total 345088K, used 282049K [0x0000000080000000, 0x0000000100000000)
  region size 1024K, 82 young (83968K), 5 survivors (5120K)
 Metaspace       used 123750K, committed 124736K, reserved 1163264K
  class space    used 16234K, committed 16704K, reserved 1048576K
}
Event: 74.634 GC heap after
{Heap after GC invocations=63 (full 0):
 garbage-first heap   total 345088K, used 213061K [0x0000000080000000, 0x0000000100000000)
  region size 1024K, 11 young (11264K), 11 survivors (11264K)
 Metaspace       used 123750K, committed 124736K, reserved 1163264K
  class space    used 16234K, committed 16704K, reserved 1048576K
}
Event: 74.691 GC heap before
{Heap before GC invocations=63 (full 0):
 garbage-first heap   total 345088K, used 218181K [0x0000000080000000, 0x0000000100000000)
  region size 1024K, 16 young (16384K), 11 survivors (11264K)
 Metaspace       used 123774K, committed 124736K, reserved 1163264K
  class space    used 16235K, committed 16704K, reserved 1048576K
}
Event: 74.697 GC heap after
{Heap after GC invocations=64 (full 0):
 garbage-first heap   total 345088K, used 214955K [0x0000000080000000, 0x0000000100000000)
  region size 1024K, 2 young (2048K), 2 survivors (2048K)
 Metaspace       used 123774K, committed 124736K, reserved 1163264K
  class space    used 16235K, committed 16704K, reserved 1048576K
}

